<?xml version="1.0" encoding="UTF-8"?>
<testng-results skipped="0" failed="0" ignored="0" total="2" passed="2">
  <reporter-output>
  </reporter-output>
  <suite name="Default suite" duration-ms="16439" started-at="2023-02-03T18:38:37Z" finished-at="2023-02-03T18:38:54Z">
    <groups>
    </groups>
    <test name="Default test" duration-ms="16439" started-at="2023-02-03T18:38:37Z" finished-at="2023-02-03T18:38:54Z">
      <class name="org.testing.Forgot">
        <test-method status="PASS" signature="user_enters__forgotpassword_empty_email()[pri:1, instance:org.testing.Forgot@72d818d1]" name="user_enters__forgotpassword_empty_email" duration-ms="9195" started-at="2023-02-03T18:38:37Z" finished-at="2023-02-03T18:38:47Z">
          <reporter-output>
          </reporter-output>
        </test-method> <!-- user_enters__forgotpassword_empty_email -->
        <test-method status="PASS" signature="user_enters__forgotpassword_valid_email()[pri:2, instance:org.testing.Forgot@72d818d1]" name="user_enters__forgotpassword_valid_email" duration-ms="7206" started-at="2023-02-03T18:38:47Z" finished-at="2023-02-03T18:38:54Z">
          <reporter-output>
          </reporter-output>
        </test-method> <!-- user_enters__forgotpassword_valid_email -->
      </class> <!-- org.testing.Forgot -->
    </test> <!-- Default test -->
  </suite> <!-- Default suite -->
</testng-results>
